2017-12-16 14:13:21.687|ERROR|webank-callback-web|||NA|NA|NA|Thread-16||com.spring.scheduler.core.rpc.netcom.jetty.client.JettyClient.send():42|Connect to 10.129.33.191:8080 [/10.129.33.191] failed: Connection timed out: connect
org.apache.http.conn.HttpHostConnectException: Connect to 10.129.33.191:8080 [/10.129.33.191] failed: Connection timed out: connect
	at org.apache.http.impl.conn.HttpClientConnectionOperator.connect(HttpClientConnectionOperator.java:142) ~[httpclient-4.3.6.jar:4.3.6]
	at org.apache.http.impl.conn.PoolingHttpClientConnectionManager.connect(PoolingHttpClientConnectionManager.java:319) ~[httpclient-4.3.6.jar:4.3.6]
	at org.apache.http.impl.execchain.MainClientExec.establishRoute(MainClientExec.java:363) ~[httpclient-4.3.6.jar:4.3.6]
	at org.apache.http.impl.execchain.MainClientExec.execute(MainClientExec.java:219) ~[httpclient-4.3.6.jar:4.3.6]
	at org.apache.http.impl.execchain.ProtocolExec.execute(ProtocolExec.java:195) ~[httpclient-4.3.6.jar:4.3.6]
	at org.apache.http.impl.execchain.RetryExec.execute(RetryExec.java:86) ~[httpclient-4.3.6.jar:4.3.6]
	at org.apache.http.impl.execchain.RedirectExec.execute(RedirectExec.java:108) ~[httpclient-4.3.6.jar:4.3.6]
	at org.apache.http.impl.client.InternalHttpClient.doExecute(InternalHttpClient.java:184) ~[httpclient-4.3.6.jar:4.3.6]
	at org.apache.http.impl.client.CloseableHttpClient.execute(CloseableHttpClient.java:82) ~[httpclient-4.3.6.jar:4.3.6]
	at org.apache.http.impl.client.CloseableHttpClient.execute(CloseableHttpClient.java:106) ~[httpclient-4.3.6.jar:4.3.6]
	at com.spring.scheduler.core.util.HttpClientUtil.postRequest(HttpClientUtil.java:70) ~[classes/:?]
	at com.spring.scheduler.core.rpc.netcom.jetty.client.JettyClient.send(JettyClient.java:31) [classes/:?]
	at com.spring.scheduler.core.rpc.netcom.NetComClientProxy$1.invoke(NetComClientProxy.java:68) [classes/:?]
	at com.sun.proxy.$Proxy38.registry(Unknown Source) [?:?]
	at com.spring.scheduler.core.thread.ExecutorRegistryThread$1.run(ExecutorRegistryThread.java:60) [classes/:?]
	at java.lang.Thread.run(Thread.java:745) [?:1.7.0_79]
Caused by: java.net.ConnectException: Connection timed out: connect
	at java.net.DualStackPlainSocketImpl.waitForConnect(Native Method) ~[?:1.7.0_79]
	at java.net.DualStackPlainSocketImpl.socketConnect(DualStackPlainSocketImpl.java:85) ~[?:1.7.0_79]
	at java.net.AbstractPlainSocketImpl.doConnect(AbstractPlainSocketImpl.java:339) ~[?:1.7.0_79]
	at java.net.AbstractPlainSocketImpl.connectToAddress(AbstractPlainSocketImpl.java:200) ~[?:1.7.0_79]
	at java.net.AbstractPlainSocketImpl.connect(AbstractPlainSocketImpl.java:182) ~[?:1.7.0_79]
	at java.net.PlainSocketImpl.connect(PlainSocketImpl.java:172) ~[?:1.7.0_79]
	at java.net.SocksSocketImpl.connect(SocksSocketImpl.java:392) ~[?:1.7.0_79]
	at java.net.Socket.connect(Socket.java:579) ~[?:1.7.0_79]
	at org.apache.http.conn.socket.PlainConnectionSocketFactory.connectSocket(PlainConnectionSocketFactory.java:72) ~[httpclient-4.3.6.jar:4.3.6]
	at org.apache.http.impl.conn.HttpClientConnectionOperator.connect(HttpClientConnectionOperator.java:125) ~[httpclient-4.3.6.jar:4.3.6]
	... 15 more
