2017-12-07 17:24:09.794|INFO |webank-callback-web|||NA|NA|NA|main||org.eclipse.jetty.server.Server.doStart():270|jetty-8.1.10.v20130312
2017-12-07 17:24:13.577|INFO |webank-callback-web|||NA|NA|NA|main||/.log():2021|No Spring WebApplicationInitializer types detected on classpath
2017-12-07 17:24:13.579|INFO |webank-callback-web|||NA|NA|NA|main||/.log():2021|Initializing Spring root WebApplicationContext
2017-12-07 17:24:14.377|WARN |webank-callback-web|||NA|NA|NA|main||org.eclipse.jetty.webapp.WebAppContext.doStart():503|Failed startup of context o.e.j.w.WebAppContext{/,file:/E:/Git%20Code/jetty-web/webank-callback/webank-callback-web/src/main/webapp/},src/main/webapp
org.springframework.beans.factory.BeanCreationException: Error creating bean with name 'diamondClient' defined in URL [file:/E:/Git%20Code/jetty-web/webank-callback/webank-callback-service/target/classes/applicationContext-service.xml]: Invocation of init method failed; nested exception is java.lang.NullPointerException
	at org.springframework.beans.factory.support.AbstractAutowireCapableBeanFactory.initializeBean(AbstractAutowireCapableBeanFactory.java:1553) ~[spring-beans-4.0.2.RELEASE.jar:4.0.2.RELEASE]
	at org.springframework.beans.factory.support.AbstractAutowireCapableBeanFactory.doCreateBean(AbstractAutowireCapableBeanFactory.java:539) ~[spring-beans-4.0.2.RELEASE.jar:4.0.2.RELEASE]
	at org.springframework.beans.factory.support.AbstractAutowireCapableBeanFactory.createBean(AbstractAutowireCapableBeanFactory.java:475) ~[spring-beans-4.0.2.RELEASE.jar:4.0.2.RELEASE]
	at org.springframework.beans.factory.support.AbstractBeanFactory$1.getObject(AbstractBeanFactory.java:304) ~[spring-beans-4.0.2.RELEASE.jar:4.0.2.RELEASE]
	at org.springframework.beans.factory.support.DefaultSingletonBeanRegistry.getSingleton(DefaultSingletonBeanRegistry.java:228) ~[spring-beans-4.0.2.RELEASE.jar:4.0.2.RELEASE]
	at org.springframework.beans.factory.support.AbstractBeanFactory.doGetBean(AbstractBeanFactory.java:300) ~[spring-beans-4.0.2.RELEASE.jar:4.0.2.RELEASE]
	at org.springframework.beans.factory.support.AbstractBeanFactory.getBean(AbstractBeanFactory.java:200) ~[spring-beans-4.0.2.RELEASE.jar:4.0.2.RELEASE]
	at org.springframework.context.support.PostProcessorRegistrationDelegate.invokeBeanFactoryPostProcessors(PostProcessorRegistrationDelegate.java:150) ~[spring-context-4.0.2.RELEASE.jar:4.0.2.RELEASE]
	at org.springframework.context.support.AbstractApplicationContext.invokeBeanFactoryPostProcessors(AbstractApplicationContext.java:609) ~[spring-context-4.0.2.RELEASE.jar:4.0.2.RELEASE]
	at org.springframework.context.support.AbstractApplicationContext.refresh(AbstractApplicationContext.java:464) ~[spring-context-4.0.2.RELEASE.jar:4.0.2.RELEASE]
	at org.springframework.web.context.ContextLoader.configureAndRefreshWebApplicationContext(ContextLoader.java:403) ~[spring-web-4.0.2.RELEASE.jar:4.0.2.RELEASE]
	at org.springframework.web.context.ContextLoader.initWebApplicationContext(ContextLoader.java:306) ~[spring-web-4.0.2.RELEASE.jar:4.0.2.RELEASE]
	at org.springframework.web.context.ContextLoaderListener.contextInitialized(ContextLoaderListener.java:106) ~[spring-web-4.0.2.RELEASE.jar:4.0.2.RELEASE]
	at org.eclipse.jetty.server.handler.ContextHandler.callContextInitialized(ContextHandler.java:775) ~[jetty-server-8.1.10.v20130312.jar:8.1.10.v20130312]
	at org.eclipse.jetty.servlet.ServletContextHandler.callContextInitialized(ServletContextHandler.java:424) ~[jetty-servlet-8.1.10.v20130312.jar:8.1.10.v20130312]
	at org.eclipse.jetty.server.handler.ContextHandler.startContext(ContextHandler.java:767) ~[jetty-server-8.1.10.v20130312.jar:8.1.10.v20130312]
	at org.eclipse.jetty.servlet.ServletContextHandler.startContext(ServletContextHandler.java:249) ~[jetty-servlet-8.1.10.v20130312.jar:8.1.10.v20130312]
	at org.eclipse.jetty.webapp.WebAppContext.startContext(WebAppContext.java:1252) ~[jetty-webapp-8.1.10.v20130312.jar:8.1.10.v20130312]
	at org.eclipse.jetty.server.handler.ContextHandler.doStart(ContextHandler.java:710) ~[jetty-server-8.1.10.v20130312.jar:8.1.10.v20130312]
	at org.eclipse.jetty.webapp.WebAppContext.doStart(WebAppContext.java:494) [jetty-webapp-8.1.10.v20130312.jar:8.1.10.v20130312]
	at org.eclipse.jetty.util.component.AbstractLifeCycle.start(AbstractLifeCycle.java:64) [jetty-util-8.1.9.v20130131.jar:8.1.9.v20130131]
	at org.eclipse.jetty.server.handler.HandlerWrapper.doStart(HandlerWrapper.java:95) [jetty-server-8.1.10.v20130312.jar:8.1.10.v20130312]
	at org.eclipse.jetty.server.Server.doStart(Server.java:280) [jetty-server-8.1.10.v20130312.jar:8.1.10.v20130312]
	at org.eclipse.jetty.util.component.AbstractLifeCycle.start(AbstractLifeCycle.java:64) [jetty-util-8.1.9.v20130131.jar:8.1.9.v20130131]
	at com.momo.jetty.util.JettyServer.start(JettyServer.java:42) [classes/:?]
	at com.momo.jetty.util.JettyServer.start(JettyServer.java:34) [classes/:?]
	at com.momo.test.JettyTest.main(JettyTest.java:21) [test-classes/:?]
Caused by: java.lang.NullPointerException
	at java.io.StringReader.<init>(StringReader.java:50) ~[?:1.7.0_79]
	at com.momo.util.diamond.TshPropertyPlaceholderConfigurer.loadConfig(TshPropertyPlaceholderConfigurer.java:115) ~[classes/:?]
	at com.momo.util.diamond.TshPropertyPlaceholderConfigurer.loadOneConfigFromDiamond(TshPropertyPlaceholderConfigurer.java:57) ~[classes/:?]
	at com.momo.util.diamond.TshPropertyPlaceholderConfigurer.loadMultConfigFromDiamond(TshPropertyPlaceholderConfigurer.java:96) ~[classes/:?]
	at com.momo.diamond.DiamondClient.init(DiamondClient.java:35) ~[classes/:?]
	at sun.reflect.NativeMethodAccessorImpl.invoke0(Native Method) ~[?:1.7.0_79]
	at sun.reflect.NativeMethodAccessorImpl.invoke(NativeMethodAccessorImpl.java:57) ~[?:1.7.0_79]
	at sun.reflect.DelegatingMethodAccessorImpl.invoke(DelegatingMethodAccessorImpl.java:43) ~[?:1.7.0_79]
	at java.lang.reflect.Method.invoke(Method.java:606) ~[?:1.7.0_79]
	at org.springframework.beans.factory.support.AbstractAutowireCapableBeanFactory.invokeCustomInitMethod(AbstractAutowireCapableBeanFactory.java:1681) ~[spring-beans-4.0.2.RELEASE.jar:4.0.2.RELEASE]
	at org.springframework.beans.factory.support.AbstractAutowireCapableBeanFactory.invokeInitMethods(AbstractAutowireCapableBeanFactory.java:1620) ~[spring-beans-4.0.2.RELEASE.jar:4.0.2.RELEASE]
	at org.springframework.beans.factory.support.AbstractAutowireCapableBeanFactory.initializeBean(AbstractAutowireCapableBeanFactory.java:1549) ~[spring-beans-4.0.2.RELEASE.jar:4.0.2.RELEASE]
	... 26 more
2017-12-07 17:24:14.417|INFO |webank-callback-web|||NA|NA|NA|main||org.eclipse.jetty.server.AbstractConnector.doStart():338|Started SelectChannelConnector@0.0.0.0:80
2017-12-07 17:26:36.969|INFO |webank-callback-web|||NA|NA|NA|main||org.eclipse.jetty.server.Server.doStart():270|jetty-8.1.10.v20130312
2017-12-07 17:26:40.713|INFO |webank-callback-web|||NA|NA|NA|main||/.log():2021|No Spring WebApplicationInitializer types detected on classpath
2017-12-07 17:26:40.714|INFO |webank-callback-web|||NA|NA|NA|main||/.log():2021|Initializing Spring root WebApplicationContext
2017-12-07 17:26:47.937|WARN |webank-callback-web|||NA|NA|NA|main||org.eclipse.jetty.webapp.WebAppContext.doStart():503|Failed startup of context o.e.j.w.WebAppContext{/,file:/E:/Git%20Code/jetty-web/webank-callback/webank-callback-web/src/main/webapp/},src/main/webapp
org.springframework.beans.factory.BeanCreationException: Error creating bean with name 'diamondClient' defined in URL [file:/E:/Git%20Code/jetty-web/webank-callback/webank-callback-service/target/classes/applicationContext-service.xml]: Invocation of init method failed; nested exception is java.lang.NullPointerException
	at org.springframework.beans.factory.support.AbstractAutowireCapableBeanFactory.initializeBean(AbstractAutowireCapableBeanFactory.java:1553) ~[spring-beans-4.0.2.RELEASE.jar:4.0.2.RELEASE]
	at org.springframework.beans.factory.support.AbstractAutowireCapableBeanFactory.doCreateBean(AbstractAutowireCapableBeanFactory.java:539) ~[spring-beans-4.0.2.RELEASE.jar:4.0.2.RELEASE]
	at org.springframework.beans.factory.support.AbstractAutowireCapableBeanFactory.createBean(AbstractAutowireCapableBeanFactory.java:475) ~[spring-beans-4.0.2.RELEASE.jar:4.0.2.RELEASE]
	at org.springframework.beans.factory.support.AbstractBeanFactory$1.getObject(AbstractBeanFactory.java:304) ~[spring-beans-4.0.2.RELEASE.jar:4.0.2.RELEASE]
	at org.springframework.beans.factory.support.DefaultSingletonBeanRegistry.getSingleton(DefaultSingletonBeanRegistry.java:228) ~[spring-beans-4.0.2.RELEASE.jar:4.0.2.RELEASE]
	at org.springframework.beans.factory.support.AbstractBeanFactory.doGetBean(AbstractBeanFactory.java:300) ~[spring-beans-4.0.2.RELEASE.jar:4.0.2.RELEASE]
	at org.springframework.beans.factory.support.AbstractBeanFactory.getBean(AbstractBeanFactory.java:200) ~[spring-beans-4.0.2.RELEASE.jar:4.0.2.RELEASE]
	at org.springframework.context.support.PostProcessorRegistrationDelegate.invokeBeanFactoryPostProcessors(PostProcessorRegistrationDelegate.java:150) ~[spring-context-4.0.2.RELEASE.jar:4.0.2.RELEASE]
	at org.springframework.context.support.AbstractApplicationContext.invokeBeanFactoryPostProcessors(AbstractApplicationContext.java:609) ~[spring-context-4.0.2.RELEASE.jar:4.0.2.RELEASE]
	at org.springframework.context.support.AbstractApplicationContext.refresh(AbstractApplicationContext.java:464) ~[spring-context-4.0.2.RELEASE.jar:4.0.2.RELEASE]
	at org.springframework.web.context.ContextLoader.configureAndRefreshWebApplicationContext(ContextLoader.java:403) ~[spring-web-4.0.2.RELEASE.jar:4.0.2.RELEASE]
	at org.springframework.web.context.ContextLoader.initWebApplicationContext(ContextLoader.java:306) ~[spring-web-4.0.2.RELEASE.jar:4.0.2.RELEASE]
	at org.springframework.web.context.ContextLoaderListener.contextInitialized(ContextLoaderListener.java:106) ~[spring-web-4.0.2.RELEASE.jar:4.0.2.RELEASE]
	at org.eclipse.jetty.server.handler.ContextHandler.callContextInitialized(ContextHandler.java:775) ~[jetty-server-8.1.10.v20130312.jar:8.1.10.v20130312]
	at org.eclipse.jetty.servlet.ServletContextHandler.callContextInitialized(ServletContextHandler.java:424) ~[jetty-servlet-8.1.10.v20130312.jar:8.1.10.v20130312]
	at org.eclipse.jetty.server.handler.ContextHandler.startContext(ContextHandler.java:767) ~[jetty-server-8.1.10.v20130312.jar:8.1.10.v20130312]
	at org.eclipse.jetty.servlet.ServletContextHandler.startContext(ServletContextHandler.java:249) ~[jetty-servlet-8.1.10.v20130312.jar:8.1.10.v20130312]
	at org.eclipse.jetty.webapp.WebAppContext.startContext(WebAppContext.java:1252) ~[jetty-webapp-8.1.10.v20130312.jar:8.1.10.v20130312]
	at org.eclipse.jetty.server.handler.ContextHandler.doStart(ContextHandler.java:710) ~[jetty-server-8.1.10.v20130312.jar:8.1.10.v20130312]
	at org.eclipse.jetty.webapp.WebAppContext.doStart(WebAppContext.java:494) [jetty-webapp-8.1.10.v20130312.jar:8.1.10.v20130312]
	at org.eclipse.jetty.util.component.AbstractLifeCycle.start(AbstractLifeCycle.java:64) [jetty-util-8.1.9.v20130131.jar:8.1.9.v20130131]
	at org.eclipse.jetty.server.handler.HandlerWrapper.doStart(HandlerWrapper.java:95) [jetty-server-8.1.10.v20130312.jar:8.1.10.v20130312]
	at org.eclipse.jetty.server.Server.doStart(Server.java:280) [jetty-server-8.1.10.v20130312.jar:8.1.10.v20130312]
	at org.eclipse.jetty.util.component.AbstractLifeCycle.start(AbstractLifeCycle.java:64) [jetty-util-8.1.9.v20130131.jar:8.1.9.v20130131]
	at com.momo.jetty.util.JettyServer.start(JettyServer.java:42) [classes/:?]
	at com.momo.jetty.util.JettyServer.start(JettyServer.java:34) [classes/:?]
	at com.momo.test.JettyTest.main(JettyTest.java:21) [test-classes/:?]
Caused by: java.lang.NullPointerException
	at java.io.StringReader.<init>(StringReader.java:50) ~[?:1.7.0_79]
	at com.momo.util.diamond.TshPropertyPlaceholderConfigurer.loadConfig(TshPropertyPlaceholderConfigurer.java:115) ~[classes/:?]
	at com.momo.util.diamond.TshPropertyPlaceholderConfigurer.loadOneConfigFromDiamond(TshPropertyPlaceholderConfigurer.java:57) ~[classes/:?]
	at com.momo.util.diamond.TshPropertyPlaceholderConfigurer.loadMultConfigFromDiamond(TshPropertyPlaceholderConfigurer.java:96) ~[classes/:?]
	at com.momo.diamond.DiamondClient.init(DiamondClient.java:35) ~[classes/:?]
	at sun.reflect.NativeMethodAccessorImpl.invoke0(Native Method) ~[?:1.7.0_79]
	at sun.reflect.NativeMethodAccessorImpl.invoke(NativeMethodAccessorImpl.java:57) ~[?:1.7.0_79]
	at sun.reflect.DelegatingMethodAccessorImpl.invoke(DelegatingMethodAccessorImpl.java:43) ~[?:1.7.0_79]
	at java.lang.reflect.Method.invoke(Method.java:606) ~[?:1.7.0_79]
	at org.springframework.beans.factory.support.AbstractAutowireCapableBeanFactory.invokeCustomInitMethod(AbstractAutowireCapableBeanFactory.java:1681) ~[spring-beans-4.0.2.RELEASE.jar:4.0.2.RELEASE]
	at org.springframework.beans.factory.support.AbstractAutowireCapableBeanFactory.invokeInitMethods(AbstractAutowireCapableBeanFactory.java:1620) ~[spring-beans-4.0.2.RELEASE.jar:4.0.2.RELEASE]
	at org.springframework.beans.factory.support.AbstractAutowireCapableBeanFactory.initializeBean(AbstractAutowireCapableBeanFactory.java:1549) ~[spring-beans-4.0.2.RELEASE.jar:4.0.2.RELEASE]
	... 26 more
2017-12-07 17:26:47.971|INFO |webank-callback-web|||NA|NA|NA|main||org.eclipse.jetty.server.AbstractConnector.doStart():338|Started SelectChannelConnector@0.0.0.0:8080
2017-12-07 17:33:25.281|INFO |webank-callback-web|||NA|NA|NA|main||org.eclipse.jetty.server.Server.doStart():270|jetty-8.1.10.v20130312
2017-12-07 17:33:31.548|INFO |webank-callback-web|||NA|NA|NA|main||org.eclipse.jetty.server.Server.doStart():270|jetty-8.1.10.v20130312
2017-12-07 17:33:35.338|INFO |webank-callback-web|||NA|NA|NA|main||/.log():2021|No Spring WebApplicationInitializer types detected on classpath
2017-12-07 17:33:35.339|INFO |webank-callback-web|||NA|NA|NA|main||/.log():2021|Initializing Spring root WebApplicationContext
2017-12-07 17:33:54.478|WARN |webank-callback-web|||NA|NA|NA|main||org.eclipse.jetty.webapp.WebAppContext.doStart():503|Failed startup of context o.e.j.w.WebAppContext{/,file:/E:/Git%20Code/jetty-web/webank-callback/webank-callback-web/src/main/webapp/},src/main/webapp
org.springframework.beans.factory.BeanCreationException: Error creating bean with name 'diamondClient' defined in URL [file:/E:/Git%20Code/jetty-web/webank-callback/webank-callback-service/target/classes/applicationContext-service.xml]: Invocation of init method failed; nested exception is java.lang.NullPointerException
	at org.springframework.beans.factory.support.AbstractAutowireCapableBeanFactory.initializeBean(AbstractAutowireCapableBeanFactory.java:1553) ~[spring-beans-4.0.2.RELEASE.jar:4.0.2.RELEASE]
	at org.springframework.beans.factory.support.AbstractAutowireCapableBeanFactory.doCreateBean(AbstractAutowireCapableBeanFactory.java:539) ~[spring-beans-4.0.2.RELEASE.jar:4.0.2.RELEASE]
	at org.springframework.beans.factory.support.AbstractAutowireCapableBeanFactory.createBean(AbstractAutowireCapableBeanFactory.java:475) ~[spring-beans-4.0.2.RELEASE.jar:4.0.2.RELEASE]
	at org.springframework.beans.factory.support.AbstractBeanFactory$1.getObject(AbstractBeanFactory.java:304) ~[spring-beans-4.0.2.RELEASE.jar:4.0.2.RELEASE]
	at org.springframework.beans.factory.support.DefaultSingletonBeanRegistry.getSingleton(DefaultSingletonBeanRegistry.java:228) ~[spring-beans-4.0.2.RELEASE.jar:4.0.2.RELEASE]
	at org.springframework.beans.factory.support.AbstractBeanFactory.doGetBean(AbstractBeanFactory.java:300) ~[spring-beans-4.0.2.RELEASE.jar:4.0.2.RELEASE]
	at org.springframework.beans.factory.support.AbstractBeanFactory.getBean(AbstractBeanFactory.java:200) ~[spring-beans-4.0.2.RELEASE.jar:4.0.2.RELEASE]
	at org.springframework.context.support.PostProcessorRegistrationDelegate.invokeBeanFactoryPostProcessors(PostProcessorRegistrationDelegate.java:150) ~[spring-context-4.0.2.RELEASE.jar:4.0.2.RELEASE]
	at org.springframework.context.support.AbstractApplicationContext.invokeBeanFactoryPostProcessors(AbstractApplicationContext.java:609) ~[spring-context-4.0.2.RELEASE.jar:4.0.2.RELEASE]
	at org.springframework.context.support.AbstractApplicationContext.refresh(AbstractApplicationContext.java:464) ~[spring-context-4.0.2.RELEASE.jar:4.0.2.RELEASE]
	at org.springframework.web.context.ContextLoader.configureAndRefreshWebApplicationContext(ContextLoader.java:403) ~[spring-web-4.0.2.RELEASE.jar:4.0.2.RELEASE]
	at org.springframework.web.context.ContextLoader.initWebApplicationContext(ContextLoader.java:306) ~[spring-web-4.0.2.RELEASE.jar:4.0.2.RELEASE]
	at org.springframework.web.context.ContextLoaderListener.contextInitialized(ContextLoaderListener.java:106) ~[spring-web-4.0.2.RELEASE.jar:4.0.2.RELEASE]
	at org.eclipse.jetty.server.handler.ContextHandler.callContextInitialized(ContextHandler.java:775) ~[jetty-server-8.1.10.v20130312.jar:8.1.10.v20130312]
	at org.eclipse.jetty.servlet.ServletContextHandler.callContextInitialized(ServletContextHandler.java:424) ~[jetty-servlet-8.1.10.v20130312.jar:8.1.10.v20130312]
	at org.eclipse.jetty.server.handler.ContextHandler.startContext(ContextHandler.java:767) ~[jetty-server-8.1.10.v20130312.jar:8.1.10.v20130312]
	at org.eclipse.jetty.servlet.ServletContextHandler.startContext(ServletContextHandler.java:249) ~[jetty-servlet-8.1.10.v20130312.jar:8.1.10.v20130312]
	at org.eclipse.jetty.webapp.WebAppContext.startContext(WebAppContext.java:1252) ~[jetty-webapp-8.1.10.v20130312.jar:8.1.10.v20130312]
	at org.eclipse.jetty.server.handler.ContextHandler.doStart(ContextHandler.java:710) ~[jetty-server-8.1.10.v20130312.jar:8.1.10.v20130312]
	at org.eclipse.jetty.webapp.WebAppContext.doStart(WebAppContext.java:494) [jetty-webapp-8.1.10.v20130312.jar:8.1.10.v20130312]
	at org.eclipse.jetty.util.component.AbstractLifeCycle.start(AbstractLifeCycle.java:64) [jetty-util-8.1.9.v20130131.jar:8.1.9.v20130131]
	at org.eclipse.jetty.server.handler.HandlerWrapper.doStart(HandlerWrapper.java:95) [jetty-server-8.1.10.v20130312.jar:8.1.10.v20130312]
	at org.eclipse.jetty.server.Server.doStart(Server.java:280) [jetty-server-8.1.10.v20130312.jar:8.1.10.v20130312]
	at org.eclipse.jetty.util.component.AbstractLifeCycle.start(AbstractLifeCycle.java:64) [jetty-util-8.1.9.v20130131.jar:8.1.9.v20130131]
	at com.momo.jetty.util.JettyServer.start(JettyServer.java:42) [classes/:?]
	at com.momo.jetty.util.JettyServer.start(JettyServer.java:34) [classes/:?]
	at com.momo.test.JettyTest.main(JettyTest.java:21) [test-classes/:?]
Caused by: java.lang.NullPointerException
	at java.io.StringReader.<init>(StringReader.java:50) ~[?:1.7.0_79]
	at com.momo.util.diamond.TshPropertyPlaceholderConfigurer.loadConfig(TshPropertyPlaceholderConfigurer.java:115) ~[classes/:?]
	at com.momo.util.diamond.TshPropertyPlaceholderConfigurer.loadOneConfigFromDiamond(TshPropertyPlaceholderConfigurer.java:57) ~[classes/:?]
	at com.momo.util.diamond.TshPropertyPlaceholderConfigurer.loadMultConfigFromDiamond(TshPropertyPlaceholderConfigurer.java:96) ~[classes/:?]
	at com.momo.diamond.DiamondClient.init(DiamondClient.java:35) ~[classes/:?]
	at sun.reflect.NativeMethodAccessorImpl.invoke0(Native Method) ~[?:1.7.0_79]
	at sun.reflect.NativeMethodAccessorImpl.invoke(NativeMethodAccessorImpl.java:57) ~[?:1.7.0_79]
	at sun.reflect.DelegatingMethodAccessorImpl.invoke(DelegatingMethodAccessorImpl.java:43) ~[?:1.7.0_79]
	at java.lang.reflect.Method.invoke(Method.java:606) ~[?:1.7.0_79]
	at org.springframework.beans.factory.support.AbstractAutowireCapableBeanFactory.invokeCustomInitMethod(AbstractAutowireCapableBeanFactory.java:1681) ~[spring-beans-4.0.2.RELEASE.jar:4.0.2.RELEASE]
	at org.springframework.beans.factory.support.AbstractAutowireCapableBeanFactory.invokeInitMethods(AbstractAutowireCapableBeanFactory.java:1620) ~[spring-beans-4.0.2.RELEASE.jar:4.0.2.RELEASE]
	at org.springframework.beans.factory.support.AbstractAutowireCapableBeanFactory.initializeBean(AbstractAutowireCapableBeanFactory.java:1549) ~[spring-beans-4.0.2.RELEASE.jar:4.0.2.RELEASE]
	... 26 more
2017-12-07 17:33:54.539|INFO |webank-callback-web|||NA|NA|NA|main||org.eclipse.jetty.server.AbstractConnector.doStart():338|Started SelectChannelConnector@0.0.0.0:8080
2017-12-07 17:39:07.159|INFO |webank-callback-web|||NA|NA|NA|main||org.eclipse.jetty.server.Server.doStart():270|jetty-8.1.10.v20130312
2017-12-07 17:39:10.790|INFO |webank-callback-web|||NA|NA|NA|main||/.log():2021|No Spring WebApplicationInitializer types detected on classpath
2017-12-07 17:39:10.792|INFO |webank-callback-web|||NA|NA|NA|main||/.log():2021|Initializing Spring root WebApplicationContext
2017-12-07 17:39:17.832|WARN |webank-callback-web|||NA|NA|NA|main||org.eclipse.jetty.webapp.WebAppContext.doStart():503|Failed startup of context o.e.j.w.WebAppContext{/,file:/E:/Git%20Code/jetty-web/webank-callback/webank-callback-web/src/main/webapp/},src/main/webapp
org.springframework.beans.factory.BeanCreationException: Error creating bean with name 'diamondClient' defined in URL [file:/E:/Git%20Code/jetty-web/webank-callback/webank-callback-service/target/classes/applicationContext-service.xml]: Invocation of init method failed; nested exception is java.lang.RuntimeException: 当前没有可用的服务器列表
	at org.springframework.beans.factory.support.AbstractAutowireCapableBeanFactory.initializeBean(AbstractAutowireCapableBeanFactory.java:1553) ~[spring-beans-4.0.2.RELEASE.jar:4.0.2.RELEASE]
	at org.springframework.beans.factory.support.AbstractAutowireCapableBeanFactory.doCreateBean(AbstractAutowireCapableBeanFactory.java:539) ~[spring-beans-4.0.2.RELEASE.jar:4.0.2.RELEASE]
	at org.springframework.beans.factory.support.AbstractAutowireCapableBeanFactory.createBean(AbstractAutowireCapableBeanFactory.java:475) ~[spring-beans-4.0.2.RELEASE.jar:4.0.2.RELEASE]
	at org.springframework.beans.factory.support.AbstractBeanFactory$1.getObject(AbstractBeanFactory.java:304) ~[spring-beans-4.0.2.RELEASE.jar:4.0.2.RELEASE]
	at org.springframework.beans.factory.support.DefaultSingletonBeanRegistry.getSingleton(DefaultSingletonBeanRegistry.java:228) ~[spring-beans-4.0.2.RELEASE.jar:4.0.2.RELEASE]
	at org.springframework.beans.factory.support.AbstractBeanFactory.doGetBean(AbstractBeanFactory.java:300) ~[spring-beans-4.0.2.RELEASE.jar:4.0.2.RELEASE]
	at org.springframework.beans.factory.support.AbstractBeanFactory.getBean(AbstractBeanFactory.java:200) ~[spring-beans-4.0.2.RELEASE.jar:4.0.2.RELEASE]
	at org.springframework.context.support.PostProcessorRegistrationDelegate.invokeBeanFactoryPostProcessors(PostProcessorRegistrationDelegate.java:150) ~[spring-context-4.0.2.RELEASE.jar:4.0.2.RELEASE]
	at org.springframework.context.support.AbstractApplicationContext.invokeBeanFactoryPostProcessors(AbstractApplicationContext.java:609) ~[spring-context-4.0.2.RELEASE.jar:4.0.2.RELEASE]
	at org.springframework.context.support.AbstractApplicationContext.refresh(AbstractApplicationContext.java:464) ~[spring-context-4.0.2.RELEASE.jar:4.0.2.RELEASE]
	at org.springframework.web.context.ContextLoader.configureAndRefreshWebApplicationContext(ContextLoader.java:403) ~[spring-web-4.0.2.RELEASE.jar:4.0.2.RELEASE]
	at org.springframework.web.context.ContextLoader.initWebApplicationContext(ContextLoader.java:306) ~[spring-web-4.0.2.RELEASE.jar:4.0.2.RELEASE]
	at org.springframework.web.context.ContextLoaderListener.contextInitialized(ContextLoaderListener.java:106) ~[spring-web-4.0.2.RELEASE.jar:4.0.2.RELEASE]
	at org.eclipse.jetty.server.handler.ContextHandler.callContextInitialized(ContextHandler.java:775) ~[jetty-server-8.1.10.v20130312.jar:8.1.10.v20130312]
	at org.eclipse.jetty.servlet.ServletContextHandler.callContextInitialized(ServletContextHandler.java:424) ~[jetty-servlet-8.1.10.v20130312.jar:8.1.10.v20130312]
	at org.eclipse.jetty.server.handler.ContextHandler.startContext(ContextHandler.java:767) ~[jetty-server-8.1.10.v20130312.jar:8.1.10.v20130312]
	at org.eclipse.jetty.servlet.ServletContextHandler.startContext(ServletContextHandler.java:249) ~[jetty-servlet-8.1.10.v20130312.jar:8.1.10.v20130312]
	at org.eclipse.jetty.webapp.WebAppContext.startContext(WebAppContext.java:1252) ~[jetty-webapp-8.1.10.v20130312.jar:8.1.10.v20130312]
	at org.eclipse.jetty.server.handler.ContextHandler.doStart(ContextHandler.java:710) ~[jetty-server-8.1.10.v20130312.jar:8.1.10.v20130312]
	at org.eclipse.jetty.webapp.WebAppContext.doStart(WebAppContext.java:494) [jetty-webapp-8.1.10.v20130312.jar:8.1.10.v20130312]
	at org.eclipse.jetty.util.component.AbstractLifeCycle.start(AbstractLifeCycle.java:64) [jetty-util-8.1.9.v20130131.jar:8.1.9.v20130131]
	at org.eclipse.jetty.server.handler.HandlerWrapper.doStart(HandlerWrapper.java:95) [jetty-server-8.1.10.v20130312.jar:8.1.10.v20130312]
	at org.eclipse.jetty.server.Server.doStart(Server.java:280) [jetty-server-8.1.10.v20130312.jar:8.1.10.v20130312]
	at org.eclipse.jetty.util.component.AbstractLifeCycle.start(AbstractLifeCycle.java:64) [jetty-util-8.1.9.v20130131.jar:8.1.9.v20130131]
	at com.momo.jetty.util.JettyServer.start(JettyServer.java:42) [classes/:?]
	at com.momo.jetty.util.JettyServer.start(JettyServer.java:34) [classes/:?]
	at com.momo.test.JettyTest.main(JettyTest.java:21) [test-classes/:?]
Caused by: java.lang.RuntimeException: 当前没有可用的服务器列表
	at com.taobao.diamond.client.processor.ServerAddressProcessor.synAcquireServerAddress(ServerAddressProcessor.java:168) ~[diamond-client-2.0.5.4.jar:?]
	at com.taobao.diamond.client.processor.ServerAddressProcessor.start(ServerAddressProcessor.java:77) ~[diamond-client-2.0.5.4.jar:?]
	at com.taobao.diamond.client.impl.DefaultDiamondSubscriber.start(DefaultDiamondSubscriber.java:142) ~[diamond-client-2.0.5.4.jar:?]
	at com.taobao.diamond.client.impl.DefaultDiamondSubscriber.addDataId(DefaultDiamondSubscriber.java:1177) ~[diamond-client-2.0.5.4.jar:?]
	at com.taobao.diamond.manager.impl.DefaultDiamondManager.<init>(DefaultDiamondManager.java:59) ~[diamond-client-2.0.5.4.jar:?]
	at com.momo.util.diamond.TshPropertyPlaceholderConfigurer.loadOneConfigFromDiamond(TshPropertyPlaceholderConfigurer.java:42) ~[classes/:?]
	at com.momo.util.diamond.TshPropertyPlaceholderConfigurer.loadMultConfigFromDiamond(TshPropertyPlaceholderConfigurer.java:96) ~[classes/:?]
	at com.momo.diamond.DiamondClient.init(DiamondClient.java:35) ~[classes/:?]
	at sun.reflect.NativeMethodAccessorImpl.invoke0(Native Method) ~[?:1.7.0_79]
	at sun.reflect.NativeMethodAccessorImpl.invoke(NativeMethodAccessorImpl.java:57) ~[?:1.7.0_79]
	at sun.reflect.DelegatingMethodAccessorImpl.invoke(DelegatingMethodAccessorImpl.java:43) ~[?:1.7.0_79]
	at java.lang.reflect.Method.invoke(Method.java:606) ~[?:1.7.0_79]
	at org.springframework.beans.factory.support.AbstractAutowireCapableBeanFactory.invokeCustomInitMethod(AbstractAutowireCapableBeanFactory.java:1681) ~[spring-beans-4.0.2.RELEASE.jar:4.0.2.RELEASE]
	at org.springframework.beans.factory.support.AbstractAutowireCapableBeanFactory.invokeInitMethods(AbstractAutowireCapableBeanFactory.java:1620) ~[spring-beans-4.0.2.RELEASE.jar:4.0.2.RELEASE]
	at org.springframework.beans.factory.support.AbstractAutowireCapableBeanFactory.initializeBean(AbstractAutowireCapableBeanFactory.java:1549) ~[spring-beans-4.0.2.RELEASE.jar:4.0.2.RELEASE]
	... 26 more
2017-12-07 17:39:17.888|INFO |webank-callback-web|||NA|NA|NA|main||org.eclipse.jetty.server.AbstractConnector.doStart():338|Started SelectChannelConnector@0.0.0.0:8080
2017-12-07 17:40:53.435|INFO |webank-callback-web|||NA|NA|NA|main||org.eclipse.jetty.server.Server.doStart():270|jetty-8.1.10.v20130312
2017-12-07 17:40:57.064|INFO |webank-callback-web|||NA|NA|NA|main||/.log():2021|No Spring WebApplicationInitializer types detected on classpath
2017-12-07 17:40:57.066|INFO |webank-callback-web|||NA|NA|NA|main||/.log():2021|Initializing Spring root WebApplicationContext
2017-12-07 17:41:16.194|WARN |webank-callback-web|||NA|NA|NA|main||org.eclipse.jetty.webapp.WebAppContext.doStart():503|Failed startup of context o.e.j.w.WebAppContext{/,file:/E:/Git%20Code/jetty-web/webank-callback/webank-callback-web/src/main/webapp/},src/main/webapp
org.springframework.beans.factory.BeanCreationException: Error creating bean with name 'diamondClient' defined in URL [file:/E:/Git%20Code/jetty-web/webank-callback/webank-callback-service/target/classes/applicationContext-service.xml]: Invocation of init method failed; nested exception is java.lang.NullPointerException
	at org.springframework.beans.factory.support.AbstractAutowireCapableBeanFactory.initializeBean(AbstractAutowireCapableBeanFactory.java:1553) ~[spring-beans-4.0.2.RELEASE.jar:4.0.2.RELEASE]
	at org.springframework.beans.factory.support.AbstractAutowireCapableBeanFactory.doCreateBean(AbstractAutowireCapableBeanFactory.java:539) ~[spring-beans-4.0.2.RELEASE.jar:4.0.2.RELEASE]
	at org.springframework.beans.factory.support.AbstractAutowireCapableBeanFactory.createBean(AbstractAutowireCapableBeanFactory.java:475) ~[spring-beans-4.0.2.RELEASE.jar:4.0.2.RELEASE]
	at org.springframework.beans.factory.support.AbstractBeanFactory$1.getObject(AbstractBeanFactory.java:304) ~[spring-beans-4.0.2.RELEASE.jar:4.0.2.RELEASE]
	at org.springframework.beans.factory.support.DefaultSingletonBeanRegistry.getSingleton(DefaultSingletonBeanRegistry.java:228) ~[spring-beans-4.0.2.RELEASE.jar:4.0.2.RELEASE]
	at org.springframework.beans.factory.support.AbstractBeanFactory.doGetBean(AbstractBeanFactory.java:300) ~[spring-beans-4.0.2.RELEASE.jar:4.0.2.RELEASE]
	at org.springframework.beans.factory.support.AbstractBeanFactory.getBean(AbstractBeanFactory.java:200) ~[spring-beans-4.0.2.RELEASE.jar:4.0.2.RELEASE]
	at org.springframework.context.support.PostProcessorRegistrationDelegate.invokeBeanFactoryPostProcessors(PostProcessorRegistrationDelegate.java:150) ~[spring-context-4.0.2.RELEASE.jar:4.0.2.RELEASE]
	at org.springframework.context.support.AbstractApplicationContext.invokeBeanFactoryPostProcessors(AbstractApplicationContext.java:609) ~[spring-context-4.0.2.RELEASE.jar:4.0.2.RELEASE]
	at org.springframework.context.support.AbstractApplicationContext.refresh(AbstractApplicationContext.java:464) ~[spring-context-4.0.2.RELEASE.jar:4.0.2.RELEASE]
	at org.springframework.web.context.ContextLoader.configureAndRefreshWebApplicationContext(ContextLoader.java:403) ~[spring-web-4.0.2.RELEASE.jar:4.0.2.RELEASE]
	at org.springframework.web.context.ContextLoader.initWebApplicationContext(ContextLoader.java:306) ~[spring-web-4.0.2.RELEASE.jar:4.0.2.RELEASE]
	at org.springframework.web.context.ContextLoaderListener.contextInitialized(ContextLoaderListener.java:106) ~[spring-web-4.0.2.RELEASE.jar:4.0.2.RELEASE]
	at org.eclipse.jetty.server.handler.ContextHandler.callContextInitialized(ContextHandler.java:775) ~[jetty-server-8.1.10.v20130312.jar:8.1.10.v20130312]
	at org.eclipse.jetty.servlet.ServletContextHandler.callContextInitialized(ServletContextHandler.java:424) ~[jetty-servlet-8.1.10.v20130312.jar:8.1.10.v20130312]
	at org.eclipse.jetty.server.handler.ContextHandler.startContext(ContextHandler.java:767) ~[jetty-server-8.1.10.v20130312.jar:8.1.10.v20130312]
	at org.eclipse.jetty.servlet.ServletContextHandler.startContext(ServletContextHandler.java:249) ~[jetty-servlet-8.1.10.v20130312.jar:8.1.10.v20130312]
	at org.eclipse.jetty.webapp.WebAppContext.startContext(WebAppContext.java:1252) ~[jetty-webapp-8.1.10.v20130312.jar:8.1.10.v20130312]
	at org.eclipse.jetty.server.handler.ContextHandler.doStart(ContextHandler.java:710) ~[jetty-server-8.1.10.v20130312.jar:8.1.10.v20130312]
	at org.eclipse.jetty.webapp.WebAppContext.doStart(WebAppContext.java:494) [jetty-webapp-8.1.10.v20130312.jar:8.1.10.v20130312]
	at org.eclipse.jetty.util.component.AbstractLifeCycle.start(AbstractLifeCycle.java:64) [jetty-util-8.1.9.v20130131.jar:8.1.9.v20130131]
	at org.eclipse.jetty.server.handler.HandlerWrapper.doStart(HandlerWrapper.java:95) [jetty-server-8.1.10.v20130312.jar:8.1.10.v20130312]
	at org.eclipse.jetty.server.Server.doStart(Server.java:280) [jetty-server-8.1.10.v20130312.jar:8.1.10.v20130312]
	at org.eclipse.jetty.util.component.AbstractLifeCycle.start(AbstractLifeCycle.java:64) [jetty-util-8.1.9.v20130131.jar:8.1.9.v20130131]
	at com.momo.jetty.util.JettyServer.start(JettyServer.java:42) [classes/:?]
	at com.momo.jetty.util.JettyServer.start(JettyServer.java:34) [classes/:?]
	at com.momo.test.JettyTest.main(JettyTest.java:21) [test-classes/:?]
Caused by: java.lang.NullPointerException
	at java.io.StringReader.<init>(StringReader.java:50) ~[?:1.7.0_79]
	at com.momo.util.diamond.TshPropertyPlaceholderConfigurer.loadConfig(TshPropertyPlaceholderConfigurer.java:115) ~[classes/:?]
	at com.momo.util.diamond.TshPropertyPlaceholderConfigurer.loadOneConfigFromDiamond(TshPropertyPlaceholderConfigurer.java:57) ~[classes/:?]
	at com.momo.util.diamond.TshPropertyPlaceholderConfigurer.loadMultConfigFromDiamond(TshPropertyPlaceholderConfigurer.java:96) ~[classes/:?]
	at com.momo.diamond.DiamondClient.init(DiamondClient.java:35) ~[classes/:?]
	at sun.reflect.NativeMethodAccessorImpl.invoke0(Native Method) ~[?:1.7.0_79]
	at sun.reflect.NativeMethodAccessorImpl.invoke(NativeMethodAccessorImpl.java:57) ~[?:1.7.0_79]
	at sun.reflect.DelegatingMethodAccessorImpl.invoke(DelegatingMethodAccessorImpl.java:43) ~[?:1.7.0_79]
	at java.lang.reflect.Method.invoke(Method.java:606) ~[?:1.7.0_79]
	at org.springframework.beans.factory.support.AbstractAutowireCapableBeanFactory.invokeCustomInitMethod(AbstractAutowireCapableBeanFactory.java:1681) ~[spring-beans-4.0.2.RELEASE.jar:4.0.2.RELEASE]
	at org.springframework.beans.factory.support.AbstractAutowireCapableBeanFactory.invokeInitMethods(AbstractAutowireCapableBeanFactory.java:1620) ~[spring-beans-4.0.2.RELEASE.jar:4.0.2.RELEASE]
	at org.springframework.beans.factory.support.AbstractAutowireCapableBeanFactory.initializeBean(AbstractAutowireCapableBeanFactory.java:1549) ~[spring-beans-4.0.2.RELEASE.jar:4.0.2.RELEASE]
	... 26 more
2017-12-07 17:41:16.255|INFO |webank-callback-web|||NA|NA|NA|main||org.eclipse.jetty.server.AbstractConnector.doStart():338|Started SelectChannelConnector@0.0.0.0:8080
